--- Copying files at Wed Jan 19 05:19:13 UTC 2022
--- Copying files at Fri Jan 21 01:37:05 UTC 2022
--- Copying files at Sun Jan 23 12:27:53 UTC 2022
--- Copying files at Sun Jan 23 12:51:30 UTC 2022
--- Copying files at Sun Jan 23 12:59:55 UTC 2022
--- Copying files at Sun Jan 23 13:12:30 UTC 2022
--- Copying files at Sun Jan 23 13:29:31 UTC 2022
--- Copying files at Sun Jan 23 13:35:52 UTC 2022
--- Copying files at Sun Jan 23 17:17:07 UTC 2022
--- Copying files at Sun Jan 23 18:27:06 UTC 2022
--- Copying files at Sun Jan 23 18:40:43 UTC 2022
--- Copying files at Sun Jan 23 19:40:40 UTC 2022
--- Copying files at Mon Jan 24 12:48:41 UTC 2022
--- Copying files at Mon Jan 24 15:42:19 UTC 2022
--- Copying files at Mon Jan 24 16:01:51 UTC 2022
--- Copying files at Mon Jan 24 22:36:33 UTC 2022
--- Copying files at Mon Jan 24 23:35:49 UTC 2022
--- Copying files at Tue Jan 25 00:45:55 UTC 2022
--- Copying files at Tue Jan 25 02:08:04 UTC 2022
--- Copying files at Tue Jan 25 21:07:23 UTC 2022
--- Copying files at Wed Jan 26 12:00:07 UTC 2022
--- Copying files at Wed Jan 26 12:38:44 UTC 2022
--- Copying files at Thu Jan 27 08:52:58 UTC 2022
--- Copying files at Thu Jan 27 11:38:39 UTC 2022
--- Copying files at Thu Jan 27 12:12:39 UTC 2022
--- Copying files at Thu Jan 27 12:33:15 UTC 2022
--- Copying files at Thu Jan 27 12:39:00 UTC 2022
--- Copying files at Thu Jan 27 15:15:30 UTC 2022
--- Copying files at Fri Jan 28 03:42:00 UTC 2022
--- Copying files at Fri Jan 28 03:57:13 UTC 2022
--- Copying files at Sat Jan 29 13:18:03 UTC 2022
--- Copying files at Sat Jan 29 17:48:30 UTC 2022
--- Copying files at Mon Jan 31 15:24:04 UTC 2022
