Started at Sun Jan 30 00:13:31 UTC 2022
Checking Maven_Job
Checking Zero_to_Adv » Backup to s3
Checking Zero_to_Adv » First job
Checking Zero_to_Adv » ansible-test
Checking Zero_to_Adv » ansible-test02
Checking Zero_to_Adv » dsl_jo01
Checking Zero_to_Adv » dsl_job
Checking Zero_to_Adv » dsl_job02
Checking Zero_to_Adv » dsl_plugin
Checking Zero_to_Adv » mavan-job
Checking Zero_to_Adv » remote-task
Finished at Sun Jan 30 00:13:31 UTC 2022. 14ms
Started at Mon Jan 31 00:13:31 UTC 2022
Checking Maven_Job
Checking Zero_to_Adv » Backup to s3
Checking Zero_to_Adv » First job
Checking Zero_to_Adv » ansible-test
Checking Zero_to_Adv » ansible-test02
Checking Zero_to_Adv » dsl_jo01
Checking Zero_to_Adv » dsl_job
Checking Zero_to_Adv » dsl_job02
Checking Zero_to_Adv » dsl_plugin
Checking Zero_to_Adv » mavan-job
Checking Zero_to_Adv » remote-task
Checking pipeline » first_pipeline
Checking pipeline » multiSteps
Checking pipeline » Timeouts
Finished at Mon Jan 31 00:13:31 UTC 2022. 13ms
